<?xml version="1.0" encoding="UTF-8"?>
<testsuite name="com.regex.ValidateUserTest" tests="1" skipped="0" failures="0" errors="0" timestamp="2021-06-17T20:03:48" hostname="ADMIN-PC" time="0.039">
  <properties/>
  <testcase name="givenPassword_WhenNull_ShouldThrowNullException()" classname="com.regex.ValidateUserTest" time="0.039"/>
  <system-out><![CDATA[ENTERED_NULL Password cannot be null
]]></system-out>
  <system-err><![CDATA[]]></system-err>
</testsuite>
