<?xml version="1.0" encoding="UTF-8"?>
<testsuite name="com.regex.ValidateUserTest" tests="1" skipped="0" failures="0" errors="0" timestamp="2021-06-16T22:01:48" hostname="ADMIN-PC" time="0.032">
  <properties/>
  <testcase name="givenEmail_WhenNotProper_ShouldReturnSad()" classname="com.regex.ValidateUserTest" time="0.032"/>
  <system-out><![CDATA[]]></system-out>
  <system-err><![CDATA[]]></system-err>
</testsuite>
