<?xml version="1.0" encoding="UTF-8"?>
<testsuite name="com.regex.ValidateUserTest" tests="1" skipped="0" failures="0" errors="0" timestamp="2021-06-23T18:19:43" hostname="ADMIN-PC" time="0.034">
  <properties/>
  <testcase name="givenLastName_WhenEmpty_ShouldThrow_EmptyException()" classname="com.regex.ValidateUserTest" time="0.034"/>
  <system-out><![CDATA[ENTERED_EMPTY Last name cannot be empty
]]></system-out>
  <system-err><![CDATA[]]></system-err>
</testsuite>
